
*** Running vivado
    with args -log flujoDeCalor.vds -m64 -product Vivado -mode batch -messageDb vivado.pb -notrace -source flujoDeCalor.tcl


****** Vivado v2017.1 (64-bit)
  **** SW Build 1846317 on Fri Apr 14 18:54:47 MDT 2017
  **** IP Build 1846188 on Fri Apr 14 20:52:08 MDT 2017
    ** Copyright 1986-2017 Xilinx, Inc. All Rights Reserved.

source flujoDeCalor.tcl -notrace
Command: synth_design -top flujoDeCalor -part xc7a100tcsg324-1
Starting synth_design
Attempting to get a license for feature 'Synthesis' and/or device 'xc7a100t-csg324'
INFO: [Common 17-349] Got license for feature 'Synthesis' and/or device 'xc7a100t-csg324'
INFO: Launching helper process for spawning children vivado processes
INFO: Helper process launched with PID 3934 
---------------------------------------------------------------------------------
Starting RTL Elaboration : Time (s): cpu = 00:00:04 ; elapsed = 00:00:04 . Memory (MB): peak = 1148.391 ; gain = 48.992 ; free physical = 3521 ; free virtual = 13482
---------------------------------------------------------------------------------
INFO: [Synth 8-638] synthesizing module 'flujoDeCalor' [/home/juank/flujoDeCalor/flujoDeCalor.srcs/sources_1/new/flujoDeCalor.vhd:38]
	Parameter N bound to: 31 - type: integer 
	Parameter cantidadCeldas bound to: 9 - type: integer 
WARNING: [Synth 8-614] signal 'estado' is read in the process but is not in the sensitivity list [/home/juank/flujoDeCalor/flujoDeCalor.srcs/sources_1/new/flujoDeCalor.vhd:145]
INFO: [Synth 8-3491] module 'blk_mem_gen_0' declared at '/home/juank/flujoDeCalor/flujoDeCalor.runs/synth_1/.Xil/Vivado-3928-juank-Inspiron-5521/realtime/blk_mem_gen_0_stub.vhdl:5' bound to instance 'memoria' of component 'blk_mem_gen_0' [/home/juank/flujoDeCalor/flujoDeCalor.srcs/sources_1/new/flujoDeCalor.vhd:203]
INFO: [Synth 8-638] synthesizing module 'blk_mem_gen_0' [/home/juank/flujoDeCalor/flujoDeCalor.runs/synth_1/.Xil/Vivado-3928-juank-Inspiron-5521/realtime/blk_mem_gen_0_stub.vhdl:17]
INFO: [Synth 8-3491] module 'calculoDeCelda' declared at '/home/juank/flujoDeCalor/flujoDeCalor.srcs/sources_1/new/calculoDeCelda.vhd:27' bound to instance 'celda' of component 'calculoDeCelda' [/home/juank/flujoDeCalor/flujoDeCalor.srcs/sources_1/new/flujoDeCalor.vhd:214]
INFO: [Synth 8-638] synthesizing module 'calculoDeCelda' [/home/juank/flujoDeCalor/flujoDeCalor.srcs/sources_1/new/calculoDeCelda.vhd:39]
	Parameter N bound to: 31 - type: integer 
WARNING: [Synth 8-614] signal 'habilitado' is read in the process but is not in the sensitivity list [/home/juank/flujoDeCalor/flujoDeCalor.srcs/sources_1/new/calculoDeCelda.vhd:48]
INFO: [Synth 8-256] done synthesizing module 'calculoDeCelda' (1#1) [/home/juank/flujoDeCalor/flujoDeCalor.srcs/sources_1/new/calculoDeCelda.vhd:39]
INFO: [Synth 8-3491] module 'calculoDeCelda' declared at '/home/juank/flujoDeCalor/flujoDeCalor.srcs/sources_1/new/calculoDeCelda.vhd:27' bound to instance 'celda' of component 'calculoDeCelda' [/home/juank/flujoDeCalor/flujoDeCalor.srcs/sources_1/new/flujoDeCalor.vhd:214]
WARNING: [Synth 8-6014] Unused sequential element cuenta_reg was removed.  [/home/juank/flujoDeCalor/flujoDeCalor.srcs/sources_1/new/flujoDeCalor.vhd:126]
WARNING: [Synth 8-6014] Unused sequential element finCalculo_reg was removed.  [/home/juank/flujoDeCalor/flujoDeCalor.srcs/sources_1/new/flujoDeCalor.vhd:127]
INFO: [Synth 8-256] done synthesizing module 'flujoDeCalor' (2#1) [/home/juank/flujoDeCalor/flujoDeCalor.srcs/sources_1/new/flujoDeCalor.vhd:38]
---------------------------------------------------------------------------------
Finished RTL Elaboration : Time (s): cpu = 00:00:04 ; elapsed = 00:00:05 . Memory (MB): peak = 1189.891 ; gain = 90.492 ; free physical = 3531 ; free virtual = 13492
---------------------------------------------------------------------------------

Report Check Netlist: 
+------+------------------+-------+---------+-------+------------------+
|      |Item              |Errors |Warnings |Status |Description       |
+------+------------------+-------+---------+-------+------------------+
|1     |multi_driven_nets |      0|        0|Passed |Multi driven nets |
+------+------------------+-------+---------+-------+------------------+
---------------------------------------------------------------------------------
Finished RTL Optimization Phase 1 : Time (s): cpu = 00:00:05 ; elapsed = 00:00:05 . Memory (MB): peak = 1189.891 ; gain = 90.492 ; free physical = 3531 ; free virtual = 13492
---------------------------------------------------------------------------------
INFO: [Device 21-403] Loading part xc7a100tcsg324-1
INFO: [Project 1-570] Preparing netlist for logic optimization

Processing XDC Constraints
Initializing timing engine
Parsing XDC File [/home/juank/flujoDeCalor/flujoDeCalor.runs/synth_1/.Xil/Vivado-3928-juank-Inspiron-5521/dcp3/blk_mem_gen_0_in_context.xdc] for cell 'memoria'
Finished Parsing XDC File [/home/juank/flujoDeCalor/flujoDeCalor.runs/synth_1/.Xil/Vivado-3928-juank-Inspiron-5521/dcp3/blk_mem_gen_0_in_context.xdc] for cell 'memoria'
Completed Processing XDC Constraints

INFO: [Project 1-111] Unisim Transformation Summary:
No Unisim elements were transformed.

Constraint Validation Runtime : Time (s): cpu = 00:00:00 ; elapsed = 00:00:00 . Memory (MB): peak = 1507.719 ; gain = 0.000 ; free physical = 3279 ; free virtual = 13240
---------------------------------------------------------------------------------
Finished Constraint Validation : Time (s): cpu = 00:00:13 ; elapsed = 00:00:14 . Memory (MB): peak = 1507.719 ; gain = 408.320 ; free physical = 3358 ; free virtual = 13318
---------------------------------------------------------------------------------
---------------------------------------------------------------------------------
Start Loading Part and Timing Information
---------------------------------------------------------------------------------
Loading part: xc7a100tcsg324-1
---------------------------------------------------------------------------------
Finished Loading Part and Timing Information : Time (s): cpu = 00:00:13 ; elapsed = 00:00:14 . Memory (MB): peak = 1507.719 ; gain = 408.320 ; free physical = 3357 ; free virtual = 13318
---------------------------------------------------------------------------------
---------------------------------------------------------------------------------
Start Applying 'set_property' XDC Constraints
---------------------------------------------------------------------------------
Applied set_property DONT_TOUCH = true for memoria. (constraint file  auto generated constraint, line ).
---------------------------------------------------------------------------------
Finished applying 'set_property' XDC Constraints : Time (s): cpu = 00:00:13 ; elapsed = 00:00:14 . Memory (MB): peak = 1507.719 ; gain = 408.320 ; free physical = 3359 ; free virtual = 13320
---------------------------------------------------------------------------------
INFO: [Synth 8-5544] ROM "celdas_reg[0]" won't be mapped to Block RAM because address size (4) smaller than threshold (5)
INFO: [Synth 8-5544] ROM "celdas_reg[1]" won't be mapped to Block RAM because address size (4) smaller than threshold (5)
INFO: [Synth 8-5544] ROM "celdas_reg[2]" won't be mapped to Block RAM because address size (4) smaller than threshold (5)
INFO: [Synth 8-5544] ROM "celdas_reg[3]" won't be mapped to Block RAM because address size (4) smaller than threshold (5)
INFO: [Synth 8-5544] ROM "celdas_reg[4]" won't be mapped to Block RAM because address size (4) smaller than threshold (5)
INFO: [Synth 8-5544] ROM "celdas_reg[5]" won't be mapped to Block RAM because address size (4) smaller than threshold (5)
INFO: [Synth 8-5544] ROM "celdas_reg[6]" won't be mapped to Block RAM because address size (4) smaller than threshold (5)
INFO: [Synth 8-5544] ROM "celdas_reg[7]" won't be mapped to Block RAM because address size (4) smaller than threshold (5)
INFO: [Synth 8-5544] ROM "celdas_reg[8]" won't be mapped to Block RAM because address size (4) smaller than threshold (5)
INFO: [Synth 8-5544] ROM "celdas_reg[9]" won't be mapped to Block RAM because address size (4) smaller than threshold (5)
INFO: [Synth 8-5544] ROM "celdas_reg[10]" won't be mapped to Block RAM because address size (4) smaller than threshold (5)
INFO: [Synth 8-5544] ROM "celdas_reg[11]" won't be mapped to Block RAM because address size (4) smaller than threshold (5)
INFO: [Synth 8-5544] ROM "celdas_reg[12]" won't be mapped to Block RAM because address size (4) smaller than threshold (5)
INFO: [Synth 8-5544] ROM "celdas_reg[13]" won't be mapped to Block RAM because address size (4) smaller than threshold (5)
INFO: [Synth 8-5544] ROM "celdas_reg[14]" won't be mapped to Block RAM because address size (4) smaller than threshold (5)
INFO: [Synth 8-5544] ROM "celdas_reg[15]" won't be mapped to Block RAM because address size (4) smaller than threshold (5)
WARNING: [Synth 8-327] inferring latch for variable 'wea_reg' [/home/juank/flujoDeCalor/flujoDeCalor.srcs/sources_1/new/flujoDeCalor.vhd:123]
WARNING: [Synth 8-327] inferring latch for variable 'estado_siguiente_reg' [/home/juank/flujoDeCalor/flujoDeCalor.srcs/sources_1/new/flujoDeCalor.vhd:112]
---------------------------------------------------------------------------------
Finished RTL Optimization Phase 2 : Time (s): cpu = 00:00:14 ; elapsed = 00:00:14 . Memory (MB): peak = 1507.719 ; gain = 408.320 ; free physical = 3350 ; free virtual = 13311
---------------------------------------------------------------------------------

Report RTL Partitions: 
+-+--------------+------------+----------+
| |RTL Partition |Replication |Instances |
+-+--------------+------------+----------+
+-+--------------+------------+----------+
---------------------------------------------------------------------------------
Start RTL Component Statistics 
---------------------------------------------------------------------------------
Detailed RTL Component Info : 
+---Adders : 
	   4 Input     32 Bit       Adders := 2     
	   2 Input      4 Bit       Adders := 1     
+---Registers : 
	               32 Bit    Registers := 25    
	                4 Bit    Registers := 1     
	                2 Bit    Registers := 1     
+---Muxes : 
	   3 Input     32 Bit        Muxes := 2     
	   4 Input      2 Bit        Muxes := 1     
	   4 Input      1 Bit        Muxes := 3     
	   3 Input      1 Bit        Muxes := 15    
---------------------------------------------------------------------------------
Finished RTL Component Statistics 
---------------------------------------------------------------------------------
---------------------------------------------------------------------------------
Start RTL Hierarchical Component Statistics 
---------------------------------------------------------------------------------
Hierarchical RTL Component report 
Module flujoDeCalor 
Detailed RTL Component Info : 
+---Adders : 
	   2 Input      4 Bit       Adders := 1     
+---Registers : 
	               32 Bit    Registers := 15    
	                4 Bit    Registers := 1     
	                2 Bit    Registers := 1     
+---Muxes : 
	   3 Input     32 Bit        Muxes := 2     
	   4 Input      2 Bit        Muxes := 1     
	   4 Input      1 Bit        Muxes := 3     
	   3 Input      1 Bit        Muxes := 15    
Module calculoDeCelda 
Detailed RTL Component Info : 
+---Adders : 
	   4 Input     32 Bit       Adders := 1     
+---Registers : 
	               32 Bit    Registers := 5     
---------------------------------------------------------------------------------
Finished RTL Hierarchical Component Statistics
---------------------------------------------------------------------------------
---------------------------------------------------------------------------------
Start Part Resource Summary
---------------------------------------------------------------------------------
Part Resources:
DSPs: 240 (col length:80)
BRAMs: 270 (col length: RAMB18 80 RAMB36 40)
---------------------------------------------------------------------------------
Finished Part Resource Summary
---------------------------------------------------------------------------------
---------------------------------------------------------------------------------
Start Cross Boundary and Area Optimization
---------------------------------------------------------------------------------
WARNING: [Synth 8-6014] Unused sequential element contador_reg was removed.  [/home/juank/flujoDeCalor/flujoDeCalor.srcs/sources_1/new/flujoDeCalor.vhd:105]
---------------------------------------------------------------------------------
Finished Cross Boundary and Area Optimization : Time (s): cpu = 00:00:15 ; elapsed = 00:00:15 . Memory (MB): peak = 1507.719 ; gain = 408.320 ; free physical = 3330 ; free virtual = 13291
---------------------------------------------------------------------------------

Report RTL Partitions: 
+-+--------------+------------+----------+
| |RTL Partition |Replication |Instances |
+-+--------------+------------+----------+
+-+--------------+------------+----------+
---------------------------------------------------------------------------------
Start Applying XDC Timing Constraints
---------------------------------------------------------------------------------
---------------------------------------------------------------------------------
Finished Applying XDC Timing Constraints : Time (s): cpu = 00:00:22 ; elapsed = 00:00:22 . Memory (MB): peak = 1507.719 ; gain = 408.320 ; free physical = 3201 ; free virtual = 13162
---------------------------------------------------------------------------------
---------------------------------------------------------------------------------
Start Timing Optimization
---------------------------------------------------------------------------------
---------------------------------------------------------------------------------
Finished Timing Optimization : Time (s): cpu = 00:00:22 ; elapsed = 00:00:22 . Memory (MB): peak = 1507.719 ; gain = 408.320 ; free physical = 3201 ; free virtual = 13162
---------------------------------------------------------------------------------

Report RTL Partitions: 
+-+--------------+------------+----------+
| |RTL Partition |Replication |Instances |
+-+--------------+------------+----------+
+-+--------------+------------+----------+
---------------------------------------------------------------------------------
Start Technology Mapping
---------------------------------------------------------------------------------
---------------------------------------------------------------------------------
Finished Technology Mapping : Time (s): cpu = 00:00:22 ; elapsed = 00:00:22 . Memory (MB): peak = 1515.727 ; gain = 416.328 ; free physical = 3199 ; free virtual = 13160
---------------------------------------------------------------------------------

Report RTL Partitions: 
+-+--------------+------------+----------+
| |RTL Partition |Replication |Instances |
+-+--------------+------------+----------+
+-+--------------+------------+----------+
---------------------------------------------------------------------------------
Start IO Insertion
---------------------------------------------------------------------------------
---------------------------------------------------------------------------------
Start Flattening Before IO Insertion
---------------------------------------------------------------------------------
---------------------------------------------------------------------------------
Finished Flattening Before IO Insertion
---------------------------------------------------------------------------------
---------------------------------------------------------------------------------
Start Final Netlist Cleanup
---------------------------------------------------------------------------------
---------------------------------------------------------------------------------
Finished Final Netlist Cleanup
---------------------------------------------------------------------------------
---------------------------------------------------------------------------------
Finished IO Insertion : Time (s): cpu = 00:00:23 ; elapsed = 00:00:23 . Memory (MB): peak = 1515.727 ; gain = 416.328 ; free physical = 3202 ; free virtual = 13163
---------------------------------------------------------------------------------
CRITICAL WARNING: [Synth 8-3352] multi-driven net celdas[5][31] with 1st driver pin 'celdas_reg[5][31]/Q' [/home/juank/flujoDeCalor/flujoDeCalor.srcs/sources_1/new/flujoDeCalor.vhd:192]
CRITICAL WARNING: [Synth 8-3352] multi-driven net celdas[5][31] with 2nd driver pin 'gen_cflujoCalor[5].celda_i.celda/celda_reg_reg[31]/Q' [/home/juank/flujoDeCalor/flujoDeCalor.srcs/sources_1/new/calculoDeCelda.vhd:74]
CRITICAL WARNING: [Synth 8-3352] multi-driven net celdas[5][30] with 1st driver pin 'celdas_reg[5][30]/Q' [/home/juank/flujoDeCalor/flujoDeCalor.srcs/sources_1/new/flujoDeCalor.vhd:192]
CRITICAL WARNING: [Synth 8-3352] multi-driven net celdas[5][30] with 2nd driver pin 'gen_cflujoCalor[5].celda_i.celda/celda_reg_reg[30]/Q' [/home/juank/flujoDeCalor/flujoDeCalor.srcs/sources_1/new/calculoDeCelda.vhd:74]
CRITICAL WARNING: [Synth 8-3352] multi-driven net celdas[5][29] with 1st driver pin 'celdas_reg[5][29]/Q' [/home/juank/flujoDeCalor/flujoDeCalor.srcs/sources_1/new/flujoDeCalor.vhd:192]
CRITICAL WARNING: [Synth 8-3352] multi-driven net celdas[5][29] with 2nd driver pin 'gen_cflujoCalor[5].celda_i.celda/celda_reg_reg[29]/Q' [/home/juank/flujoDeCalor/flujoDeCalor.srcs/sources_1/new/calculoDeCelda.vhd:74]
CRITICAL WARNING: [Synth 8-3352] multi-driven net celdas[5][28] with 1st driver pin 'celdas_reg[5][28]/Q' [/home/juank/flujoDeCalor/flujoDeCalor.srcs/sources_1/new/flujoDeCalor.vhd:192]
CRITICAL WARNING: [Synth 8-3352] multi-driven net celdas[5][28] with 2nd driver pin 'gen_cflujoCalor[5].celda_i.celda/celda_reg_reg[28]/Q' [/home/juank/flujoDeCalor/flujoDeCalor.srcs/sources_1/new/calculoDeCelda.vhd:74]
CRITICAL WARNING: [Synth 8-3352] multi-driven net celdas[5][27] with 1st driver pin 'celdas_reg[5][27]/Q' [/home/juank/flujoDeCalor/flujoDeCalor.srcs/sources_1/new/flujoDeCalor.vhd:192]
CRITICAL WARNING: [Synth 8-3352] multi-driven net celdas[5][27] with 2nd driver pin 'gen_cflujoCalor[5].celda_i.celda/celda_reg_reg[27]/Q' [/home/juank/flujoDeCalor/flujoDeCalor.srcs/sources_1/new/calculoDeCelda.vhd:74]
CRITICAL WARNING: [Synth 8-3352] multi-driven net celdas[5][26] with 1st driver pin 'celdas_reg[5][26]/Q' [/home/juank/flujoDeCalor/flujoDeCalor.srcs/sources_1/new/flujoDeCalor.vhd:192]
CRITICAL WARNING: [Synth 8-3352] multi-driven net celdas[5][26] with 2nd driver pin 'gen_cflujoCalor[5].celda_i.celda/celda_reg_reg[26]/Q' [/home/juank/flujoDeCalor/flujoDeCalor.srcs/sources_1/new/calculoDeCelda.vhd:74]
CRITICAL WARNING: [Synth 8-3352] multi-driven net celdas[5][25] with 1st driver pin 'celdas_reg[5][25]/Q' [/home/juank/flujoDeCalor/flujoDeCalor.srcs/sources_1/new/flujoDeCalor.vhd:192]
CRITICAL WARNING: [Synth 8-3352] multi-driven net celdas[5][25] with 2nd driver pin 'gen_cflujoCalor[5].celda_i.celda/celda_reg_reg[25]/Q' [/home/juank/flujoDeCalor/flujoDeCalor.srcs/sources_1/new/calculoDeCelda.vhd:74]
CRITICAL WARNING: [Synth 8-3352] multi-driven net celdas[5][24] with 1st driver pin 'celdas_reg[5][24]/Q' [/home/juank/flujoDeCalor/flujoDeCalor.srcs/sources_1/new/flujoDeCalor.vhd:192]
CRITICAL WARNING: [Synth 8-3352] multi-driven net celdas[5][24] with 2nd driver pin 'gen_cflujoCalor[5].celda_i.celda/celda_reg_reg[24]/Q' [/home/juank/flujoDeCalor/flujoDeCalor.srcs/sources_1/new/calculoDeCelda.vhd:74]
CRITICAL WARNING: [Synth 8-3352] multi-driven net celdas[5][23] with 1st driver pin 'celdas_reg[5][23]/Q' [/home/juank/flujoDeCalor/flujoDeCalor.srcs/sources_1/new/flujoDeCalor.vhd:192]
CRITICAL WARNING: [Synth 8-3352] multi-driven net celdas[5][23] with 2nd driver pin 'gen_cflujoCalor[5].celda_i.celda/celda_reg_reg[23]/Q' [/home/juank/flujoDeCalor/flujoDeCalor.srcs/sources_1/new/calculoDeCelda.vhd:74]
CRITICAL WARNING: [Synth 8-3352] multi-driven net celdas[5][22] with 1st driver pin 'celdas_reg[5][22]/Q' [/home/juank/flujoDeCalor/flujoDeCalor.srcs/sources_1/new/flujoDeCalor.vhd:192]
CRITICAL WARNING: [Synth 8-3352] multi-driven net celdas[5][22] with 2nd driver pin 'gen_cflujoCalor[5].celda_i.celda/celda_reg_reg[22]/Q' [/home/juank/flujoDeCalor/flujoDeCalor.srcs/sources_1/new/calculoDeCelda.vhd:74]
CRITICAL WARNING: [Synth 8-3352] multi-driven net celdas[5][21] with 1st driver pin 'celdas_reg[5][21]/Q' [/home/juank/flujoDeCalor/flujoDeCalor.srcs/sources_1/new/flujoDeCalor.vhd:192]
CRITICAL WARNING: [Synth 8-3352] multi-driven net celdas[5][21] with 2nd driver pin 'gen_cflujoCalor[5].celda_i.celda/celda_reg_reg[21]/Q' [/home/juank/flujoDeCalor/flujoDeCalor.srcs/sources_1/new/calculoDeCelda.vhd:74]
CRITICAL WARNING: [Synth 8-3352] multi-driven net celdas[5][20] with 1st driver pin 'celdas_reg[5][20]/Q' [/home/juank/flujoDeCalor/flujoDeCalor.srcs/sources_1/new/flujoDeCalor.vhd:192]
CRITICAL WARNING: [Synth 8-3352] multi-driven net celdas[5][20] with 2nd driver pin 'gen_cflujoCalor[5].celda_i.celda/celda_reg_reg[20]/Q' [/home/juank/flujoDeCalor/flujoDeCalor.srcs/sources_1/new/calculoDeCelda.vhd:74]
CRITICAL WARNING: [Synth 8-3352] multi-driven net celdas[5][19] with 1st driver pin 'celdas_reg[5][19]/Q' [/home/juank/flujoDeCalor/flujoDeCalor.srcs/sources_1/new/flujoDeCalor.vhd:192]
CRITICAL WARNING: [Synth 8-3352] multi-driven net celdas[5][19] with 2nd driver pin 'gen_cflujoCalor[5].celda_i.celda/celda_reg_reg[19]/Q' [/home/juank/flujoDeCalor/flujoDeCalor.srcs/sources_1/new/calculoDeCelda.vhd:74]
CRITICAL WARNING: [Synth 8-3352] multi-driven net celdas[5][18] with 1st driver pin 'celdas_reg[5][18]/Q' [/home/juank/flujoDeCalor/flujoDeCalor.srcs/sources_1/new/flujoDeCalor.vhd:192]
CRITICAL WARNING: [Synth 8-3352] multi-driven net celdas[5][18] with 2nd driver pin 'gen_cflujoCalor[5].celda_i.celda/celda_reg_reg[18]/Q' [/home/juank/flujoDeCalor/flujoDeCalor.srcs/sources_1/new/calculoDeCelda.vhd:74]
CRITICAL WARNING: [Synth 8-3352] multi-driven net celdas[5][17] with 1st driver pin 'celdas_reg[5][17]/Q' [/home/juank/flujoDeCalor/flujoDeCalor.srcs/sources_1/new/flujoDeCalor.vhd:192]
CRITICAL WARNING: [Synth 8-3352] multi-driven net celdas[5][17] with 2nd driver pin 'gen_cflujoCalor[5].celda_i.celda/celda_reg_reg[17]/Q' [/home/juank/flujoDeCalor/flujoDeCalor.srcs/sources_1/new/calculoDeCelda.vhd:74]
CRITICAL WARNING: [Synth 8-3352] multi-driven net celdas[5][16] with 1st driver pin 'celdas_reg[5][16]/Q' [/home/juank/flujoDeCalor/flujoDeCalor.srcs/sources_1/new/flujoDeCalor.vhd:192]
CRITICAL WARNING: [Synth 8-3352] multi-driven net celdas[5][16] with 2nd driver pin 'gen_cflujoCalor[5].celda_i.celda/celda_reg_reg[16]/Q' [/home/juank/flujoDeCalor/flujoDeCalor.srcs/sources_1/new/calculoDeCelda.vhd:74]
CRITICAL WARNING: [Synth 8-3352] multi-driven net celdas[5][15] with 1st driver pin 'celdas_reg[5][15]/Q' [/home/juank/flujoDeCalor/flujoDeCalor.srcs/sources_1/new/flujoDeCalor.vhd:192]
CRITICAL WARNING: [Synth 8-3352] multi-driven net celdas[5][15] with 2nd driver pin 'gen_cflujoCalor[5].celda_i.celda/celda_reg_reg[15]/Q' [/home/juank/flujoDeCalor/flujoDeCalor.srcs/sources_1/new/calculoDeCelda.vhd:74]
CRITICAL WARNING: [Synth 8-3352] multi-driven net celdas[5][14] with 1st driver pin 'celdas_reg[5][14]/Q' [/home/juank/flujoDeCalor/flujoDeCalor.srcs/sources_1/new/flujoDeCalor.vhd:192]
CRITICAL WARNING: [Synth 8-3352] multi-driven net celdas[5][14] with 2nd driver pin 'gen_cflujoCalor[5].celda_i.celda/celda_reg_reg[14]/Q' [/home/juank/flujoDeCalor/flujoDeCalor.srcs/sources_1/new/calculoDeCelda.vhd:74]
CRITICAL WARNING: [Synth 8-3352] multi-driven net celdas[5][13] with 1st driver pin 'celdas_reg[5][13]/Q' [/home/juank/flujoDeCalor/flujoDeCalor.srcs/sources_1/new/flujoDeCalor.vhd:192]
CRITICAL WARNING: [Synth 8-3352] multi-driven net celdas[5][13] with 2nd driver pin 'gen_cflujoCalor[5].celda_i.celda/celda_reg_reg[13]/Q' [/home/juank/flujoDeCalor/flujoDeCalor.srcs/sources_1/new/calculoDeCelda.vhd:74]
CRITICAL WARNING: [Synth 8-3352] multi-driven net celdas[5][12] with 1st driver pin 'celdas_reg[5][12]/Q' [/home/juank/flujoDeCalor/flujoDeCalor.srcs/sources_1/new/flujoDeCalor.vhd:192]
CRITICAL WARNING: [Synth 8-3352] multi-driven net celdas[5][12] with 2nd driver pin 'gen_cflujoCalor[5].celda_i.celda/celda_reg_reg[12]/Q' [/home/juank/flujoDeCalor/flujoDeCalor.srcs/sources_1/new/calculoDeCelda.vhd:74]
CRITICAL WARNING: [Synth 8-3352] multi-driven net celdas[5][11] with 1st driver pin 'celdas_reg[5][11]/Q' [/home/juank/flujoDeCalor/flujoDeCalor.srcs/sources_1/new/flujoDeCalor.vhd:192]
CRITICAL WARNING: [Synth 8-3352] multi-driven net celdas[5][11] with 2nd driver pin 'gen_cflujoCalor[5].celda_i.celda/celda_reg_reg[11]/Q' [/home/juank/flujoDeCalor/flujoDeCalor.srcs/sources_1/new/calculoDeCelda.vhd:74]
CRITICAL WARNING: [Synth 8-3352] multi-driven net celdas[5][10] with 1st driver pin 'celdas_reg[5][10]/Q' [/home/juank/flujoDeCalor/flujoDeCalor.srcs/sources_1/new/flujoDeCalor.vhd:192]
CRITICAL WARNING: [Synth 8-3352] multi-driven net celdas[5][10] with 2nd driver pin 'gen_cflujoCalor[5].celda_i.celda/celda_reg_reg[10]/Q' [/home/juank/flujoDeCalor/flujoDeCalor.srcs/sources_1/new/calculoDeCelda.vhd:74]
CRITICAL WARNING: [Synth 8-3352] multi-driven net celdas[5][9] with 1st driver pin 'celdas_reg[5][9]/Q' [/home/juank/flujoDeCalor/flujoDeCalor.srcs/sources_1/new/flujoDeCalor.vhd:192]
CRITICAL WARNING: [Synth 8-3352] multi-driven net celdas[5][9] with 2nd driver pin 'gen_cflujoCalor[5].celda_i.celda/celda_reg_reg[9]/Q' [/home/juank/flujoDeCalor/flujoDeCalor.srcs/sources_1/new/calculoDeCelda.vhd:74]
CRITICAL WARNING: [Synth 8-3352] multi-driven net celdas[5][8] with 1st driver pin 'celdas_reg[5][8]/Q' [/home/juank/flujoDeCalor/flujoDeCalor.srcs/sources_1/new/flujoDeCalor.vhd:192]
CRITICAL WARNING: [Synth 8-3352] multi-driven net celdas[5][8] with 2nd driver pin 'gen_cflujoCalor[5].celda_i.celda/celda_reg_reg[8]/Q' [/home/juank/flujoDeCalor/flujoDeCalor.srcs/sources_1/new/calculoDeCelda.vhd:74]
CRITICAL WARNING: [Synth 8-3352] multi-driven net celdas[5][7] with 1st driver pin 'celdas_reg[5][7]/Q' [/home/juank/flujoDeCalor/flujoDeCalor.srcs/sources_1/new/flujoDeCalor.vhd:192]
CRITICAL WARNING: [Synth 8-3352] multi-driven net celdas[5][7] with 2nd driver pin 'gen_cflujoCalor[5].celda_i.celda/celda_reg_reg[7]/Q' [/home/juank/flujoDeCalor/flujoDeCalor.srcs/sources_1/new/calculoDeCelda.vhd:74]
CRITICAL WARNING: [Synth 8-3352] multi-driven net celdas[5][6] with 1st driver pin 'celdas_reg[5][6]/Q' [/home/juank/flujoDeCalor/flujoDeCalor.srcs/sources_1/new/flujoDeCalor.vhd:192]
CRITICAL WARNING: [Synth 8-3352] multi-driven net celdas[5][6] with 2nd driver pin 'gen_cflujoCalor[5].celda_i.celda/celda_reg_reg[6]/Q' [/home/juank/flujoDeCalor/flujoDeCalor.srcs/sources_1/new/calculoDeCelda.vhd:74]
CRITICAL WARNING: [Synth 8-3352] multi-driven net celdas[5][5] with 1st driver pin 'celdas_reg[5][5]/Q' [/home/juank/flujoDeCalor/flujoDeCalor.srcs/sources_1/new/flujoDeCalor.vhd:192]
CRITICAL WARNING: [Synth 8-3352] multi-driven net celdas[5][5] with 2nd driver pin 'gen_cflujoCalor[5].celda_i.celda/celda_reg_reg[5]/Q' [/home/juank/flujoDeCalor/flujoDeCalor.srcs/sources_1/new/calculoDeCelda.vhd:74]
CRITICAL WARNING: [Synth 8-3352] multi-driven net celdas[5][4] with 1st driver pin 'celdas_reg[5][4]/Q' [/home/juank/flujoDeCalor/flujoDeCalor.srcs/sources_1/new/flujoDeCalor.vhd:192]
CRITICAL WARNING: [Synth 8-3352] multi-driven net celdas[5][4] with 2nd driver pin 'gen_cflujoCalor[5].celda_i.celda/celda_reg_reg[4]/Q' [/home/juank/flujoDeCalor/flujoDeCalor.srcs/sources_1/new/calculoDeCelda.vhd:74]
CRITICAL WARNING: [Synth 8-3352] multi-driven net celdas[5][3] with 1st driver pin 'celdas_reg[5][3]/Q' [/home/juank/flujoDeCalor/flujoDeCalor.srcs/sources_1/new/flujoDeCalor.vhd:192]
CRITICAL WARNING: [Synth 8-3352] multi-driven net celdas[5][3] with 2nd driver pin 'gen_cflujoCalor[5].celda_i.celda/celda_reg_reg[3]/Q' [/home/juank/flujoDeCalor/flujoDeCalor.srcs/sources_1/new/calculoDeCelda.vhd:74]
CRITICAL WARNING: [Synth 8-3352] multi-driven net celdas[5][2] with 1st driver pin 'celdas_reg[5][2]/Q' [/home/juank/flujoDeCalor/flujoDeCalor.srcs/sources_1/new/flujoDeCalor.vhd:192]
CRITICAL WARNING: [Synth 8-3352] multi-driven net celdas[5][2] with 2nd driver pin 'gen_cflujoCalor[5].celda_i.celda/celda_reg_reg[2]/Q' [/home/juank/flujoDeCalor/flujoDeCalor.srcs/sources_1/new/calculoDeCelda.vhd:74]
CRITICAL WARNING: [Synth 8-3352] multi-driven net celdas[5][1] with 1st driver pin 'celdas_reg[5][1]/Q' [/home/juank/flujoDeCalor/flujoDeCalor.srcs/sources_1/new/flujoDeCalor.vhd:192]
CRITICAL WARNING: [Synth 8-3352] multi-driven net celdas[5][1] with 2nd driver pin 'gen_cflujoCalor[5].celda_i.celda/celda_reg_reg[1]/Q' [/home/juank/flujoDeCalor/flujoDeCalor.srcs/sources_1/new/calculoDeCelda.vhd:74]
CRITICAL WARNING: [Synth 8-3352] multi-driven net celdas[5][0] with 1st driver pin 'celdas_reg[5][0]/Q' [/home/juank/flujoDeCalor/flujoDeCalor.srcs/sources_1/new/flujoDeCalor.vhd:192]
CRITICAL WARNING: [Synth 8-3352] multi-driven net celdas[5][0] with 2nd driver pin 'gen_cflujoCalor[5].celda_i.celda/celda_reg_reg[0]/Q' [/home/juank/flujoDeCalor/flujoDeCalor.srcs/sources_1/new/calculoDeCelda.vhd:74]
CRITICAL WARNING: [Synth 8-3352] multi-driven net celdas[6][31] with 1st driver pin 'celdas_reg[6][31]/Q' [/home/juank/flujoDeCalor/flujoDeCalor.srcs/sources_1/new/flujoDeCalor.vhd:192]
CRITICAL WARNING: [Synth 8-3352] multi-driven net celdas[6][31] with 2nd driver pin 'gen_cflujoCalor[6].celda_i.celda/celda_reg_reg[31]/Q' [/home/juank/flujoDeCalor/flujoDeCalor.srcs/sources_1/new/calculoDeCelda.vhd:74]
CRITICAL WARNING: [Synth 8-3352] multi-driven net celdas[6][30] with 1st driver pin 'celdas_reg[6][30]/Q' [/home/juank/flujoDeCalor/flujoDeCalor.srcs/sources_1/new/flujoDeCalor.vhd:192]
CRITICAL WARNING: [Synth 8-3352] multi-driven net celdas[6][30] with 2nd driver pin 'gen_cflujoCalor[6].celda_i.celda/celda_reg_reg[30]/Q' [/home/juank/flujoDeCalor/flujoDeCalor.srcs/sources_1/new/calculoDeCelda.vhd:74]
CRITICAL WARNING: [Synth 8-3352] multi-driven net celdas[6][29] with 1st driver pin 'celdas_reg[6][29]/Q' [/home/juank/flujoDeCalor/flujoDeCalor.srcs/sources_1/new/flujoDeCalor.vhd:192]
CRITICAL WARNING: [Synth 8-3352] multi-driven net celdas[6][29] with 2nd driver pin 'gen_cflujoCalor[6].celda_i.celda/celda_reg_reg[29]/Q' [/home/juank/flujoDeCalor/flujoDeCalor.srcs/sources_1/new/calculoDeCelda.vhd:74]
CRITICAL WARNING: [Synth 8-3352] multi-driven net celdas[6][28] with 1st driver pin 'celdas_reg[6][28]/Q' [/home/juank/flujoDeCalor/flujoDeCalor.srcs/sources_1/new/flujoDeCalor.vhd:192]
CRITICAL WARNING: [Synth 8-3352] multi-driven net celdas[6][28] with 2nd driver pin 'gen_cflujoCalor[6].celda_i.celda/celda_reg_reg[28]/Q' [/home/juank/flujoDeCalor/flujoDeCalor.srcs/sources_1/new/calculoDeCelda.vhd:74]
CRITICAL WARNING: [Synth 8-3352] multi-driven net celdas[6][27] with 1st driver pin 'celdas_reg[6][27]/Q' [/home/juank/flujoDeCalor/flujoDeCalor.srcs/sources_1/new/flujoDeCalor.vhd:192]
CRITICAL WARNING: [Synth 8-3352] multi-driven net celdas[6][27] with 2nd driver pin 'gen_cflujoCalor[6].celda_i.celda/celda_reg_reg[27]/Q' [/home/juank/flujoDeCalor/flujoDeCalor.srcs/sources_1/new/calculoDeCelda.vhd:74]
CRITICAL WARNING: [Synth 8-3352] multi-driven net celdas[6][26] with 1st driver pin 'celdas_reg[6][26]/Q' [/home/juank/flujoDeCalor/flujoDeCalor.srcs/sources_1/new/flujoDeCalor.vhd:192]
CRITICAL WARNING: [Synth 8-3352] multi-driven net celdas[6][26] with 2nd driver pin 'gen_cflujoCalor[6].celda_i.celda/celda_reg_reg[26]/Q' [/home/juank/flujoDeCalor/flujoDeCalor.srcs/sources_1/new/calculoDeCelda.vhd:74]
CRITICAL WARNING: [Synth 8-3352] multi-driven net celdas[6][25] with 1st driver pin 'celdas_reg[6][25]/Q' [/home/juank/flujoDeCalor/flujoDeCalor.srcs/sources_1/new/flujoDeCalor.vhd:192]
CRITICAL WARNING: [Synth 8-3352] multi-driven net celdas[6][25] with 2nd driver pin 'gen_cflujoCalor[6].celda_i.celda/celda_reg_reg[25]/Q' [/home/juank/flujoDeCalor/flujoDeCalor.srcs/sources_1/new/calculoDeCelda.vhd:74]
CRITICAL WARNING: [Synth 8-3352] multi-driven net celdas[6][24] with 1st driver pin 'celdas_reg[6][24]/Q' [/home/juank/flujoDeCalor/flujoDeCalor.srcs/sources_1/new/flujoDeCalor.vhd:192]
CRITICAL WARNING: [Synth 8-3352] multi-driven net celdas[6][24] with 2nd driver pin 'gen_cflujoCalor[6].celda_i.celda/celda_reg_reg[24]/Q' [/home/juank/flujoDeCalor/flujoDeCalor.srcs/sources_1/new/calculoDeCelda.vhd:74]
CRITICAL WARNING: [Synth 8-3352] multi-driven net celdas[6][23] with 1st driver pin 'celdas_reg[6][23]/Q' [/home/juank/flujoDeCalor/flujoDeCalor.srcs/sources_1/new/flujoDeCalor.vhd:192]
CRITICAL WARNING: [Synth 8-3352] multi-driven net celdas[6][23] with 2nd driver pin 'gen_cflujoCalor[6].celda_i.celda/celda_reg_reg[23]/Q' [/home/juank/flujoDeCalor/flujoDeCalor.srcs/sources_1/new/calculoDeCelda.vhd:74]
CRITICAL WARNING: [Synth 8-3352] multi-driven net celdas[6][22] with 1st driver pin 'celdas_reg[6][22]/Q' [/home/juank/flujoDeCalor/flujoDeCalor.srcs/sources_1/new/flujoDeCalor.vhd:192]
CRITICAL WARNING: [Synth 8-3352] multi-driven net celdas[6][22] with 2nd driver pin 'gen_cflujoCalor[6].celda_i.celda/celda_reg_reg[22]/Q' [/home/juank/flujoDeCalor/flujoDeCalor.srcs/sources_1/new/calculoDeCelda.vhd:74]
CRITICAL WARNING: [Synth 8-3352] multi-driven net celdas[6][21] with 1st driver pin 'celdas_reg[6][21]/Q' [/home/juank/flujoDeCalor/flujoDeCalor.srcs/sources_1/new/flujoDeCalor.vhd:192]
CRITICAL WARNING: [Synth 8-3352] multi-driven net celdas[6][21] with 2nd driver pin 'gen_cflujoCalor[6].celda_i.celda/celda_reg_reg[21]/Q' [/home/juank/flujoDeCalor/flujoDeCalor.srcs/sources_1/new/calculoDeCelda.vhd:74]
CRITICAL WARNING: [Synth 8-3352] multi-driven net celdas[6][20] with 1st driver pin 'celdas_reg[6][20]/Q' [/home/juank/flujoDeCalor/flujoDeCalor.srcs/sources_1/new/flujoDeCalor.vhd:192]
CRITICAL WARNING: [Synth 8-3352] multi-driven net celdas[6][20] with 2nd driver pin 'gen_cflujoCalor[6].celda_i.celda/celda_reg_reg[20]/Q' [/home/juank/flujoDeCalor/flujoDeCalor.srcs/sources_1/new/calculoDeCelda.vhd:74]
CRITICAL WARNING: [Synth 8-3352] multi-driven net celdas[6][19] with 1st driver pin 'celdas_reg[6][19]/Q' [/home/juank/flujoDeCalor/flujoDeCalor.srcs/sources_1/new/flujoDeCalor.vhd:192]
CRITICAL WARNING: [Synth 8-3352] multi-driven net celdas[6][19] with 2nd driver pin 'gen_cflujoCalor[6].celda_i.celda/celda_reg_reg[19]/Q' [/home/juank/flujoDeCalor/flujoDeCalor.srcs/sources_1/new/calculoDeCelda.vhd:74]
CRITICAL WARNING: [Synth 8-3352] multi-driven net celdas[6][18] with 1st driver pin 'celdas_reg[6][18]/Q' [/home/juank/flujoDeCalor/flujoDeCalor.srcs/sources_1/new/flujoDeCalor.vhd:192]
CRITICAL WARNING: [Synth 8-3352] multi-driven net celdas[6][18] with 2nd driver pin 'gen_cflujoCalor[6].celda_i.celda/celda_reg_reg[18]/Q' [/home/juank/flujoDeCalor/flujoDeCalor.srcs/sources_1/new/calculoDeCelda.vhd:74]
CRITICAL WARNING: [Synth 8-3352] multi-driven net celdas[6][17] with 1st driver pin 'celdas_reg[6][17]/Q' [/home/juank/flujoDeCalor/flujoDeCalor.srcs/sources_1/new/flujoDeCalor.vhd:192]
CRITICAL WARNING: [Synth 8-3352] multi-driven net celdas[6][17] with 2nd driver pin 'gen_cflujoCalor[6].celda_i.celda/celda_reg_reg[17]/Q' [/home/juank/flujoDeCalor/flujoDeCalor.srcs/sources_1/new/calculoDeCelda.vhd:74]
CRITICAL WARNING: [Synth 8-3352] multi-driven net celdas[6][16] with 1st driver pin 'celdas_reg[6][16]/Q' [/home/juank/flujoDeCalor/flujoDeCalor.srcs/sources_1/new/flujoDeCalor.vhd:192]
CRITICAL WARNING: [Synth 8-3352] multi-driven net celdas[6][16] with 2nd driver pin 'gen_cflujoCalor[6].celda_i.celda/celda_reg_reg[16]/Q' [/home/juank/flujoDeCalor/flujoDeCalor.srcs/sources_1/new/calculoDeCelda.vhd:74]
CRITICAL WARNING: [Synth 8-3352] multi-driven net celdas[6][15] with 1st driver pin 'celdas_reg[6][15]/Q' [/home/juank/flujoDeCalor/flujoDeCalor.srcs/sources_1/new/flujoDeCalor.vhd:192]
CRITICAL WARNING: [Synth 8-3352] multi-driven net celdas[6][15] with 2nd driver pin 'gen_cflujoCalor[6].celda_i.celda/celda_reg_reg[15]/Q' [/home/juank/flujoDeCalor/flujoDeCalor.srcs/sources_1/new/calculoDeCelda.vhd:74]
CRITICAL WARNING: [Synth 8-3352] multi-driven net celdas[6][14] with 1st driver pin 'celdas_reg[6][14]/Q' [/home/juank/flujoDeCalor/flujoDeCalor.srcs/sources_1/new/flujoDeCalor.vhd:192]
CRITICAL WARNING: [Synth 8-3352] multi-driven net celdas[6][14] with 2nd driver pin 'gen_cflujoCalor[6].celda_i.celda/celda_reg_reg[14]/Q' [/home/juank/flujoDeCalor/flujoDeCalor.srcs/sources_1/new/calculoDeCelda.vhd:74]
INFO: [Common 17-14] Message 'Synth 8-3352' appears 100 times and further instances of the messages will be disabled. Use the Tcl command set_msg_config to change the current settings.

Report Check Netlist: 
+------+------------------+-------+---------+-------+------------------+
|      |Item              |Errors |Warnings |Status |Description       |
+------+------------------+-------+---------+-------+------------------+
|1     |multi_driven_nets |      0|       64|Failed |Multi driven nets |
+------+------------------+-------+---------+-------+------------------+
---------------------------------------------------------------------------------
Start Renaming Generated Instances
---------------------------------------------------------------------------------
---------------------------------------------------------------------------------
Finished Renaming Generated Instances : Time (s): cpu = 00:00:23 ; elapsed = 00:00:23 . Memory (MB): peak = 1515.727 ; gain = 416.328 ; free physical = 3202 ; free virtual = 13163
---------------------------------------------------------------------------------

Report RTL Partitions: 
+-+--------------+------------+----------+
| |RTL Partition |Replication |Instances |
+-+--------------+------------+----------+
+-+--------------+------------+----------+
---------------------------------------------------------------------------------
Start Rebuilding User Hierarchy
---------------------------------------------------------------------------------
---------------------------------------------------------------------------------
Finished Rebuilding User Hierarchy : Time (s): cpu = 00:00:23 ; elapsed = 00:00:23 . Memory (MB): peak = 1515.727 ; gain = 416.328 ; free physical = 3202 ; free virtual = 13163
---------------------------------------------------------------------------------
---------------------------------------------------------------------------------
Start Renaming Generated Ports
---------------------------------------------------------------------------------
---------------------------------------------------------------------------------
Finished Renaming Generated Ports : Time (s): cpu = 00:00:23 ; elapsed = 00:00:23 . Memory (MB): peak = 1515.727 ; gain = 416.328 ; free physical = 3202 ; free virtual = 13163
---------------------------------------------------------------------------------
---------------------------------------------------------------------------------
Start Handling Custom Attributes
---------------------------------------------------------------------------------
---------------------------------------------------------------------------------
Finished Handling Custom Attributes : Time (s): cpu = 00:00:23 ; elapsed = 00:00:23 . Memory (MB): peak = 1515.727 ; gain = 416.328 ; free physical = 3202 ; free virtual = 13163
---------------------------------------------------------------------------------
---------------------------------------------------------------------------------
Start Renaming Generated Nets
---------------------------------------------------------------------------------
---------------------------------------------------------------------------------
Finished Renaming Generated Nets : Time (s): cpu = 00:00:23 ; elapsed = 00:00:23 . Memory (MB): peak = 1515.727 ; gain = 416.328 ; free physical = 3202 ; free virtual = 13163
---------------------------------------------------------------------------------
---------------------------------------------------------------------------------
Start Writing Synthesis Report
---------------------------------------------------------------------------------

Report BlackBoxes: 
+------+--------------+----------+
|      |BlackBox name |Instances |
+------+--------------+----------+
|1     |blk_mem_gen_0 |         1|
+------+--------------+----------+

Report Cell Usage: 
+------+-------------------+------+
|      |Cell               |Count |
+------+-------------------+------+
|1     |blk_mem_gen_0_bbox |     1|
|2     |BUFG               |     2|
|3     |CARRY4             |    16|
|4     |LUT1               |     2|
|5     |LUT2               |     5|
|6     |LUT3               |    61|
|7     |LUT4               |     9|
|8     |LUT5               |    59|
|9     |LUT6               |   204|
|10    |MUXF7              |    64|
|11    |MUXF8              |    32|
|12    |FDRE               |   870|
|13    |LD                 |     3|
|14    |IBUF               |     2|
+------+-------------------+------+

Report Instance Areas: 
+------+-------------------------------------+-----------------+------+
|      |Instance                             |Module           |Cells |
+------+-------------------------------------+-----------------+------+
|1     |top                                  |                 |  1361|
|2     |  \gen_cflujoCalor[5].celda_i.celda  |calculoDeCelda   |   262|
|3     |  \gen_cflujoCalor[6].celda_i.celda  |calculoDeCelda_0 |   262|
+------+-------------------------------------+-----------------+------+
---------------------------------------------------------------------------------
Finished Writing Synthesis Report : Time (s): cpu = 00:00:23 ; elapsed = 00:00:23 . Memory (MB): peak = 1515.727 ; gain = 416.328 ; free physical = 3202 ; free virtual = 13163
---------------------------------------------------------------------------------
Synthesis finished with 0 errors, 128 critical warnings and 3 warnings.
Synthesis Optimization Runtime : Time (s): cpu = 00:00:18 ; elapsed = 00:00:18 . Memory (MB): peak = 1515.727 ; gain = 98.500 ; free physical = 3254 ; free virtual = 13215
Synthesis Optimization Complete : Time (s): cpu = 00:00:23 ; elapsed = 00:00:23 . Memory (MB): peak = 1515.734 ; gain = 416.328 ; free physical = 3254 ; free virtual = 13215
INFO: [Project 1-571] Translating synthesized netlist
INFO: [Netlist 29-17] Analyzing 21 Unisim elements for replacement
INFO: [Netlist 29-28] Unisim Transformation completed in 0 CPU seconds
INFO: [Project 1-570] Preparing netlist for logic optimization
INFO: [Opt 31-138] Pushed 1 inverter(s) to 1 load pin(s).
INFO: [Project 1-111] Unisim Transformation Summary:
  A total of 3 instances were transformed.
  LD => LDCE: 2 instances
  LD => LDCE (inverted pins: G): 1 instances

35 Infos, 7 Warnings, 100 Critical Warnings and 0 Errors encountered.
synth_design completed successfully
synth_design: Time (s): cpu = 00:00:24 ; elapsed = 00:00:25 . Memory (MB): peak = 1515.734 ; gain = 428.926 ; free physical = 3222 ; free virtual = 13183
INFO: [Common 17-1381] The checkpoint '/home/juank/flujoDeCalor/flujoDeCalor.runs/synth_1/flujoDeCalor.dcp' has been generated.
report_utilization: Time (s): cpu = 00:00:00.09 ; elapsed = 00:00:00.11 . Memory (MB): peak = 1539.738 ; gain = 0.000 ; free physical = 3221 ; free virtual = 13183
INFO: [Common 17-206] Exiting Vivado at Fri Sep  1 14:25:44 2017...
