
*** Running vivado
    with args -log blk_mem_gen_0.vds -m64 -product Vivado -mode batch -messageDb vivado.pb -notrace -source blk_mem_gen_0.tcl


****** Vivado v2017.1 (64-bit)
  **** SW Build 1846317 on Fri Apr 14 18:54:47 MDT 2017
  **** IP Build 1846188 on Fri Apr 14 20:52:08 MDT 2017
    ** Copyright 1986-2017 Xilinx, Inc. All Rights Reserved.

source blk_mem_gen_0.tcl -notrace
Starting RTL Elaboration : Time (s): cpu = 00:00:04 ; elapsed = 00:00:04 . Memory (MB): peak = 1148.387 ; gain = 48.996 ; free physical = 2022 ; free virtual = 13013
INFO: [Synth 8-638] synthesizing module 'blk_mem_gen_0' [/home/juank/flujoDeCalor/flujoDeCalor.srcs/sources_1/ip/blk_mem_gen_0/synth/blk_mem_gen_0.vhd:70]
INFO: [Synth 8-256] done synthesizing module 'blk_mem_gen_0' (9#1) [/home/juank/flujoDeCalor/flujoDeCalor.srcs/sources_1/ip/blk_mem_gen_0/synth/blk_mem_gen_0.vhd:70]
Finished RTL Elaboration : Time (s): cpu = 00:00:50 ; elapsed = 00:00:50 . Memory (MB): peak = 1348.785 ; gain = 249.395 ; free physical = 2008 ; free virtual = 13001
Finished RTL Optimization Phase 1 : Time (s): cpu = 00:00:50 ; elapsed = 00:00:50 . Memory (MB): peak = 1348.785 ; gain = 249.395 ; free physical = 2013 ; free virtual = 13006
INFO: [Device 21-403] Loading part xc7a100tcsg324-1
Constraint Validation Runtime : Time (s): cpu = 00:00:00.02 ; elapsed = 00:00:00.02 . Memory (MB): peak = 1442.801 ; gain = 0.000 ; free physical = 1743 ; free virtual = 12751
Finished Constraint Validation : Time (s): cpu = 00:00:59 ; elapsed = 00:01:00 . Memory (MB): peak = 1442.801 ; gain = 343.410 ; free physical = 1839 ; free virtual = 12847
Finished Loading Part and Timing Information : Time (s): cpu = 00:00:59 ; elapsed = 00:01:00 . Memory (MB): peak = 1442.801 ; gain = 343.410 ; free physical = 1839 ; free virtual = 12846
Finished applying 'set_property' XDC Constraints : Time (s): cpu = 00:00:59 ; elapsed = 00:01:00 . Memory (MB): peak = 1442.801 ; gain = 343.410 ; free physical = 1840 ; free virtual = 12848
Finished RTL Optimization Phase 2 : Time (s): cpu = 00:00:59 ; elapsed = 00:01:00 . Memory (MB): peak = 1442.801 ; gain = 343.410 ; free physical = 1832 ; free virtual = 12840
Finished Cross Boundary and Area Optimization : Time (s): cpu = 00:01:00 ; elapsed = 00:01:00 . Memory (MB): peak = 1442.801 ; gain = 343.410 ; free physical = 1832 ; free virtual = 12840
Finished Applying XDC Timing Constraints : Time (s): cpu = 00:01:06 ; elapsed = 00:01:07 . Memory (MB): peak = 1474.801 ; gain = 375.410 ; free physical = 1699 ; free virtual = 12714
Finished Timing Optimization : Time (s): cpu = 00:01:06 ; elapsed = 00:01:07 . Memory (MB): peak = 1474.801 ; gain = 375.410 ; free physical = 1699 ; free virtual = 12714
Finished Technology Mapping : Time (s): cpu = 00:01:06 ; elapsed = 00:01:07 . Memory (MB): peak = 1484.816 ; gain = 385.426 ; free physical = 1698 ; free virtual = 12713
Finished IO Insertion : Time (s): cpu = 00:01:07 ; elapsed = 00:01:08 . Memory (MB): peak = 1484.816 ; gain = 385.426 ; free physical = 1698 ; free virtual = 12714
Finished Renaming Generated Instances : Time (s): cpu = 00:01:07 ; elapsed = 00:01:08 . Memory (MB): peak = 1484.816 ; gain = 385.426 ; free physical = 1698 ; free virtual = 12714
Finished Rebuilding User Hierarchy : Time (s): cpu = 00:01:07 ; elapsed = 00:01:08 . Memory (MB): peak = 1484.816 ; gain = 385.426 ; free physical = 1698 ; free virtual = 12714
Finished Renaming Generated Ports : Time (s): cpu = 00:01:07 ; elapsed = 00:01:08 . Memory (MB): peak = 1484.816 ; gain = 385.426 ; free physical = 1698 ; free virtual = 12714
Finished Handling Custom Attributes : Time (s): cpu = 00:01:07 ; elapsed = 00:01:08 . Memory (MB): peak = 1484.816 ; gain = 385.426 ; free physical = 1698 ; free virtual = 12714
Finished Renaming Generated Nets : Time (s): cpu = 00:01:07 ; elapsed = 00:01:08 . Memory (MB): peak = 1484.816 ; gain = 385.426 ; free physical = 1698 ; free virtual = 12714

Report Cell Usage: 
+------+---------+------+
|      |Cell     |Count |
+------+---------+------+
|1     |RAMB18E1 |     1|
+------+---------+------+
Finished Writing Synthesis Report : Time (s): cpu = 00:01:07 ; elapsed = 00:01:08 . Memory (MB): peak = 1484.816 ; gain = 385.426 ; free physical = 1698 ; free virtual = 12714
synth_design: Time (s): cpu = 00:01:08 ; elapsed = 00:01:09 . Memory (MB): peak = 1490.816 ; gain = 404.012 ; free physical = 1720 ; free virtual = 12736
