
*** Running vivado
    with args -log blk_mem_gen_0.vds -m64 -product Vivado -mode batch -messageDb vivado.pb -notrace -source blk_mem_gen_0.tcl


****** Vivado v2017.1 (64-bit)
  **** SW Build 1846317 on Fri Apr 14 18:54:47 MDT 2017
  **** IP Build 1846188 on Fri Apr 14 20:52:08 MDT 2017
    ** Copyright 1986-2017 Xilinx, Inc. All Rights Reserved.

source blk_mem_gen_0.tcl -notrace
Starting RTL Elaboration : Time (s): cpu = 00:00:04 ; elapsed = 00:00:04 . Memory (MB): peak = 1148.391 ; gain = 48.996 ; free physical = 1606 ; free virtual = 12332
INFO: [Synth 8-638] synthesizing module 'blk_mem_gen_0' [/home/juank/flujoDeCalor/flujoDeCalor.srcs/sources_1/ip/blk_mem_gen_0/synth/blk_mem_gen_0.vhd:70]
INFO: [Synth 8-256] done synthesizing module 'blk_mem_gen_0' (9#1) [/home/juank/flujoDeCalor/flujoDeCalor.srcs/sources_1/ip/blk_mem_gen_0/synth/blk_mem_gen_0.vhd:70]
Finished RTL Elaboration : Time (s): cpu = 00:00:51 ; elapsed = 00:00:51 . Memory (MB): peak = 1349.094 ; gain = 249.699 ; free physical = 1594 ; free virtual = 12323
Finished RTL Optimization Phase 1 : Time (s): cpu = 00:00:51 ; elapsed = 00:00:51 . Memory (MB): peak = 1349.094 ; gain = 249.699 ; free physical = 1597 ; free virtual = 12325
INFO: [Device 21-403] Loading part xc7a100tcsg324-1
Constraint Validation Runtime : Time (s): cpu = 00:00:00.02 ; elapsed = 00:00:00.02 . Memory (MB): peak = 1443.117 ; gain = 0.000 ; free physical = 1342 ; free virtual = 12086
Finished Constraint Validation : Time (s): cpu = 00:01:00 ; elapsed = 00:01:01 . Memory (MB): peak = 1443.117 ; gain = 343.723 ; free physical = 1422 ; free virtual = 12166
Finished Loading Part and Timing Information : Time (s): cpu = 00:01:00 ; elapsed = 00:01:01 . Memory (MB): peak = 1443.117 ; gain = 343.723 ; free physical = 1422 ; free virtual = 12166
Finished applying 'set_property' XDC Constraints : Time (s): cpu = 00:01:00 ; elapsed = 00:01:01 . Memory (MB): peak = 1443.117 ; gain = 343.723 ; free physical = 1424 ; free virtual = 12168
Finished RTL Optimization Phase 2 : Time (s): cpu = 00:01:01 ; elapsed = 00:01:01 . Memory (MB): peak = 1443.117 ; gain = 343.723 ; free physical = 1416 ; free virtual = 12160
Finished Cross Boundary and Area Optimization : Time (s): cpu = 00:01:01 ; elapsed = 00:01:01 . Memory (MB): peak = 1443.117 ; gain = 343.723 ; free physical = 1416 ; free virtual = 12160
Finished Applying XDC Timing Constraints : Time (s): cpu = 00:01:08 ; elapsed = 00:01:09 . Memory (MB): peak = 1475.117 ; gain = 375.723 ; free physical = 1285 ; free virtual = 12036
Finished Timing Optimization : Time (s): cpu = 00:01:08 ; elapsed = 00:01:09 . Memory (MB): peak = 1475.117 ; gain = 375.723 ; free physical = 1285 ; free virtual = 12036
Finished Technology Mapping : Time (s): cpu = 00:01:08 ; elapsed = 00:01:09 . Memory (MB): peak = 1485.133 ; gain = 385.738 ; free physical = 1284 ; free virtual = 12035
Finished IO Insertion : Time (s): cpu = 00:01:08 ; elapsed = 00:01:09 . Memory (MB): peak = 1485.133 ; gain = 385.738 ; free physical = 1284 ; free virtual = 12035
Finished Renaming Generated Instances : Time (s): cpu = 00:01:08 ; elapsed = 00:01:09 . Memory (MB): peak = 1485.133 ; gain = 385.738 ; free physical = 1284 ; free virtual = 12035
Finished Rebuilding User Hierarchy : Time (s): cpu = 00:01:08 ; elapsed = 00:01:09 . Memory (MB): peak = 1485.133 ; gain = 385.738 ; free physical = 1284 ; free virtual = 12035
Finished Renaming Generated Ports : Time (s): cpu = 00:01:08 ; elapsed = 00:01:09 . Memory (MB): peak = 1485.133 ; gain = 385.738 ; free physical = 1284 ; free virtual = 12035
Finished Handling Custom Attributes : Time (s): cpu = 00:01:08 ; elapsed = 00:01:09 . Memory (MB): peak = 1485.133 ; gain = 385.738 ; free physical = 1284 ; free virtual = 12035
Finished Renaming Generated Nets : Time (s): cpu = 00:01:08 ; elapsed = 00:01:09 . Memory (MB): peak = 1485.133 ; gain = 385.738 ; free physical = 1284 ; free virtual = 12035

Report Cell Usage: 
+------+---------+------+
|      |Cell     |Count |
+------+---------+------+
|1     |RAMB18E1 |     1|
+------+---------+------+
Finished Writing Synthesis Report : Time (s): cpu = 00:01:08 ; elapsed = 00:01:09 . Memory (MB): peak = 1485.133 ; gain = 385.738 ; free physical = 1284 ; free virtual = 12035
synth_design: Time (s): cpu = 00:01:09 ; elapsed = 00:01:10 . Memory (MB): peak = 1491.133 ; gain = 404.324 ; free physical = 1306 ; free virtual = 12058
